{"C:\\Users\\ACER\\Desktop\\todo_app\\src\\todoListItem.jsx": {"path":"C:\\Users\\ACER\\Desktop\\todo_app\\src\\todoListItem.jsx","statementMap":{"0":{"start":{"line":6,"column":2},"end":{"line":22,"column":3}},"1":{"start":{"line":10,"column":185},"end":{"line":10,"column":201}},"2":{"start":{"line":20,"column":170},"end":{"line":20,"column":186}},"3":{"start":{"line":25,"column":0},"end":{"line":41,"column":1}},"4":{"start":{"line":42,"column":0},"end":{"line":45,"column":1}}},"fnMap":{"0":{"name":"TodoListItem","decl":{"start":{"line":5,"column":9},"end":{"line":5,"column":21}},"loc":{"start":{"line":5,"column":89},"end":{"line":23,"column":1}},"line":5},"1":{"name":"(anonymous_1)","decl":{"start":{"line":10,"column":179},"end":{"line":10,"column":180}},"loc":{"start":{"line":10,"column":185},"end":{"line":10,"column":201}},"line":10},"2":{"name":"(anonymous_2)","decl":{"start":{"line":20,"column":164},"end":{"line":20,"column":165}},"loc":{"start":{"line":20,"column":170},"end":{"line":20,"column":186}},"line":20}},"branchMap":{},"s":{"0":3,"1":0,"2":0,"3":1,"4":1},"f":{"0":3,"1":0,"2":0},"b":{},"_coverageSchema":"1a1c01bbd47fc00a2c39e90264f33305004495a9","hash":"d5978908af854c6f573f75c4f3c9070c9c548bf0"}
}
